<?xml version="1.0" encoding="UTF-8"?>
<testng-results ignored="0" total="3" passed="3" failed="0" skipped="0">
  <reporter-output>
  </reporter-output>
  <suite started-at="2022-10-12T21:31:14 EDT" name="Regression" finished-at="2022-10-12T21:32:06 EDT" duration-ms="51942">
    <groups>
    </groups>
    <test started-at="2022-10-12T21:31:14 EDT" name="Facebook Login Test" finished-at="2022-10-12T21:32:06 EDT" duration-ms="51942">
      <class name="testng.FB_Login_DataProvider">
        <test-method is-config="true" signature="iBrowsers(java.lang.String,java.lang.String)[pri:0, instance:testng.FB_Login_DataProvider@534a5a98]" started-at="2022-10-12T21:31:14 EDT" name="iBrowsers" finished-at="2022-10-12T21:31:19 EDT" duration-ms="4147" status="PASS">
          <params>
            <param index="0">
              <value>
                <![CDATA[edge]]>
              </value>
            </param>
            <param index="1">
              <value>
                <![CDATA[https://www.facebook.com]]>
              </value>
            </param>
          </params>
          <reporter-output>
          </reporter-output>
        </test-method> <!-- iBrowsers -->
        <test-method signature="LoginTest(java.lang.String,java.lang.String)[pri:0, instance:testng.FB_Login_DataProvider@534a5a98]" started-at="2022-10-12T21:31:19 EDT" name="LoginTest" data-provider="loginInfo" finished-at="2022-10-12T21:31:34 EDT" duration-ms="15782" status="PASS">
          <params>
            <param index="0">
              <value>
                <![CDATA[tested]]>
              </value>
            </param>
            <param index="1">
              <value>
                <![CDATA[password]]>
              </value>
            </param>
          </params>
          <reporter-output>
          </reporter-output>
        </test-method> <!-- LoginTest -->
        <test-method signature="LoginTest(java.lang.String,java.lang.String)[pri:0, instance:testng.FB_Login_DataProvider@534a5a98]" started-at="2022-10-12T21:31:34 EDT" name="LoginTest" data-provider="loginInfo" finished-at="2022-10-12T21:31:50 EDT" duration-ms="15660" status="PASS">
          <params>
            <param index="0">
              <value>
                <![CDATA[tested2]]>
              </value>
            </param>
            <param index="1">
              <value>
                <![CDATA[password2]]>
              </value>
            </param>
          </params>
          <reporter-output>
          </reporter-output>
        </test-method> <!-- LoginTest -->
        <test-method signature="LoginTest(java.lang.String,java.lang.String)[pri:0, instance:testng.FB_Login_DataProvider@534a5a98]" started-at="2022-10-12T21:31:50 EDT" name="LoginTest" data-provider="loginInfo" finished-at="2022-10-12T21:32:06 EDT" duration-ms="16071" status="PASS">
          <params>
            <param index="0">
              <value>
                <![CDATA[tested3]]>
              </value>
            </param>
            <param index="1">
              <value>
                <![CDATA[password3]]>
              </value>
            </param>
          </params>
          <reporter-output>
          </reporter-output>
        </test-method> <!-- LoginTest -->
        <test-method is-config="true" signature="afterClass()[pri:0, instance:testng.FB_Login_DataProvider@534a5a98]" started-at="2022-10-12T21:32:06 EDT" name="afterClass" finished-at="2022-10-12T21:32:06 EDT" duration-ms="163" status="PASS">
          <reporter-output>
          </reporter-output>
        </test-method> <!-- afterClass -->
      </class> <!-- testng.FB_Login_DataProvider -->
    </test> <!-- Facebook Login Test -->
  </suite> <!-- Regression -->
</testng-results>
