<?xml version="1.0" encoding="UTF-8"?>
<testng-results ignored="0" total="2" passed="2" failed="0" skipped="0">
  <reporter-output>
  </reporter-output>
  <suite started-at="2022-10-18T18:30:35 EDT" name="Regression" finished-at="2022-10-18T18:31:02 EDT" duration-ms="26742">
    <groups>
    </groups>
    <test started-at="2022-10-18T18:30:35 EDT" name="Ebay_Toys_Hobbies_Page_Test" finished-at="2022-10-18T18:31:00 EDT" duration-ms="24274">
      <class name="ebay_TestNG.Ebay_ToysHobbiesPageTest">
        <test-method is-config="true" signature="iBrowsers(java.lang.String,java.lang.String)[pri:0, instance:ebay_TestNG.Ebay_ToysHobbiesPageTest@d86a6f]" started-at="2022-10-18T18:30:35 EDT" name="iBrowsers" finished-at="2022-10-18T18:30:54 EDT" duration-ms="19059" status="PASS">
          <params>
            <param index="0">
              <value>
                <![CDATA[edge]]>
              </value>
            </param>
            <param index="1">
              <value>
                <![CDATA[https://www.ebay.com]]>
              </value>
            </param>
          </params>
          <reporter-output>
          </reporter-output>
        </test-method> <!-- iBrowsers -->
        <test-method signature="toysHobbiesPageTest()[pri:0, instance:ebay_TestNG.Ebay_ToysHobbiesPageTest@d86a6f]" started-at="2022-10-18T18:30:54 EDT" name="toysHobbiesPageTest" finished-at="2022-10-18T18:31:00 EDT" duration-ms="5125" status="PASS">
          <reporter-output>
          </reporter-output>
        </test-method> <!-- toysHobbiesPageTest -->
        <test-method is-config="true" signature="afterClass()[pri:0, instance:ebay_TestNG.Ebay_ToysHobbiesPageTest@d86a6f]" started-at="2022-10-18T18:31:00 EDT" name="afterClass" finished-at="2022-10-18T18:31:00 EDT" duration-ms="1" status="PASS">
          <reporter-output>
          </reporter-output>
        </test-method> <!-- afterClass -->
      </class> <!-- ebay_TestNG.Ebay_ToysHobbiesPageTest -->
    </test> <!-- Ebay_Toys_Hobbies_Page_Test -->
    <test started-at="2022-10-18T18:30:35 EDT" name="Ebay_Search" finished-at="2022-10-18T18:31:02 EDT" duration-ms="26742">
      <class name="ebay_TestNG.Ebay_SearchTest">
        <test-method is-config="true" signature="iBrowsers(java.lang.String,java.lang.String)[pri:0, instance:ebay_TestNG.Ebay_SearchTest@72e5a8e]" started-at="2022-10-18T18:30:35 EDT" name="iBrowsers" finished-at="2022-10-18T18:30:54 EDT" duration-ms="18532" status="PASS">
          <params>
            <param index="0">
              <value>
                <![CDATA[chrome]]>
              </value>
            </param>
            <param index="1">
              <value>
                <![CDATA[https://www.ebay.com]]>
              </value>
            </param>
          </params>
          <reporter-output>
          </reporter-output>
        </test-method> <!-- iBrowsers -->
        <test-method signature="searchTest()[pri:0, instance:ebay_TestNG.Ebay_SearchTest@72e5a8e]" started-at="2022-10-18T18:30:54 EDT" name="searchTest" finished-at="2022-10-18T18:31:02 EDT" duration-ms="8107" status="PASS">
          <reporter-output>
          </reporter-output>
        </test-method> <!-- searchTest -->
        <test-method is-config="true" signature="afterClass()[pri:0, instance:ebay_TestNG.Ebay_SearchTest@72e5a8e]" started-at="2022-10-18T18:31:02 EDT" name="afterClass" finished-at="2022-10-18T18:31:02 EDT" duration-ms="0" status="PASS">
          <reporter-output>
          </reporter-output>
        </test-method> <!-- afterClass -->
      </class> <!-- ebay_TestNG.Ebay_SearchTest -->
    </test> <!-- Ebay_Search -->
  </suite> <!-- Regression -->
</testng-results>
