<?xml version="1.0" encoding="UTF-8"?>
<testng-results ignored="0" total="1" passed="0" failed="1" skipped="0">
  <reporter-output>
  </reporter-output>
  <suite started-at="2022-10-19T17:35:25 EDT" name="Regression" finished-at="2022-10-19T17:36:12 EDT" duration-ms="46981">
    <groups>
    </groups>
    <test started-at="2022-10-19T17:35:25 EDT" name="AmazonPractice" finished-at="2022-10-19T17:36:12 EDT" duration-ms="46981">
      <class name="PIIT.Training.AmazonTestNGFramework.AmazonToPurchase">
        <test-method is-config="true" signature="drivers(java.lang.String,java.lang.String)[pri:0, instance:PIIT.Training.AmazonTestNGFramework.AmazonToPurchase@74e28667]" started-at="2022-10-19T17:35:25 EDT" name="drivers" finished-at="2022-10-19T17:35:34 EDT" duration-ms="9033" status="PASS">
          <params>
            <param index="0">
              <value>
                <![CDATA[chrome]]>
              </value>
            </param>
            <param index="1">
              <value>
                <![CDATA[https://www.amazon.com]]>
              </value>
            </param>
          </params>
          <reporter-output>
          </reporter-output>
        </test-method> <!-- drivers -->
        <test-method signature="homepageSearch()[pri:0, instance:PIIT.Training.AmazonTestNGFramework.AmazonToPurchase@74e28667]" started-at="2022-10-19T17:35:34 EDT" name="homepageSearch" finished-at="2022-10-19T17:36:12 EDT" duration-ms="37543" status="FAIL">
          <exception class="org.openqa.selenium.ElementClickInterceptedException">
            <message>
              <![CDATA[element click intercepted: Element <input id="add-to-cart-button" name="submit.add-to-cart" title="Add to Shopping Cart" data-hover="Select <b>__dims__</b> from the left<br> to add to Shopping Cart" class="a-button-input attach-dss-atc" type="button" value="Add to Cart" aria-labelledby="submit.add-to-cart-announce"> is not clickable at point (1124, 570). Other element would receive the click: <div class="a-column a-span12 attach-accessory-button-row a-span-last">...</div>
  (Session info: chrome=106.0.5249.119)
Build info: version: '4.1.2', revision: '9a5a329c5a'
System info: host: 'Tans-MacBook-Pro.local', ip: '127.0.0.1', os.name: 'Mac OS X', os.arch: 'x86_64', os.version: '10.15.7', java.version: '11.0.14'
Driver info: org.openqa.selenium.chrome.ChromeDriver
Command: [0bbddddea407b5a92f591e885710f4f6, clickElement {id=f311460c-b175-42f9-9ae8-89fcb3f049c8}]
Capabilities {acceptInsecureCerts: false, browserName: chrome, browserVersion: 106.0.5249.119, chrome: {chromedriverVersion: 106.0.5249.61 (511755355844..., userDataDir: /var/folders/87/mg97jv8d5bv...}, goog:chromeOptions: {debuggerAddress: localhost:56293}, javascriptEnabled: true, networkConnectionEnabled: false, pageLoadStrategy: normal, platform: MAC, platformName: MAC, proxy: Proxy(), se:cdp: ws://localhost:56293/devtoo..., se:cdpVersion: 106.0.5249.119, setWindowRect: true, strictFileInteractability: false, timeouts: {implicit: 0, pageLoad: 300000, script: 30000}, unhandledPromptBehavior: dismiss and notify, webauthn:extension:credBlob: true, webauthn:extension:largeBlob: true, webauthn:virtualAuthenticators: true}
Element: [[ChromeDriver: chrome on MAC (0bbddddea407b5a92f591e885710f4f6)] -> xpath: (//input[@id='add-to-cart-button'])[1]]
Session ID: 0bbddddea407b5a92f591e885710f4f6]]>
            </message>
            <full-stacktrace>
              <![CDATA[org.openqa.selenium.ElementClickInterceptedException: element click intercepted: Element <input id="add-to-cart-button" name="submit.add-to-cart" title="Add to Shopping Cart" data-hover="Select <b>__dims__</b> from the left<br> to add to Shopping Cart" class="a-button-input attach-dss-atc" type="button" value="Add to Cart" aria-labelledby="submit.add-to-cart-announce"> is not clickable at point (1124, 570). Other element would receive the click: <div class="a-column a-span12 attach-accessory-button-row a-span-last">...</div>
  (Session info: chrome=106.0.5249.119)
Build info: version: '4.1.2', revision: '9a5a329c5a'
System info: host: 'Tans-MacBook-Pro.local', ip: '127.0.0.1', os.name: 'Mac OS X', os.arch: 'x86_64', os.version: '10.15.7', java.version: '11.0.14'
Driver info: org.openqa.selenium.chrome.ChromeDriver
Command: [0bbddddea407b5a92f591e885710f4f6, clickElement {id=f311460c-b175-42f9-9ae8-89fcb3f049c8}]
Capabilities {acceptInsecureCerts: false, browserName: chrome, browserVersion: 106.0.5249.119, chrome: {chromedriverVersion: 106.0.5249.61 (511755355844..., userDataDir: /var/folders/87/mg97jv8d5bv...}, goog:chromeOptions: {debuggerAddress: localhost:56293}, javascriptEnabled: true, networkConnectionEnabled: false, pageLoadStrategy: normal, platform: MAC, platformName: MAC, proxy: Proxy(), se:cdp: ws://localhost:56293/devtoo..., se:cdpVersion: 106.0.5249.119, setWindowRect: true, strictFileInteractability: false, timeouts: {implicit: 0, pageLoad: 300000, script: 30000}, unhandledPromptBehavior: dismiss and notify, webauthn:extension:credBlob: true, webauthn:extension:largeBlob: true, webauthn:virtualAuthenticators: true}
Element: [[ChromeDriver: chrome on MAC (0bbddddea407b5a92f591e885710f4f6)] -> xpath: (//input[@id='add-to-cart-button'])[1]]
Session ID: 0bbddddea407b5a92f591e885710f4f6
at java.base/jdk.internal.reflect.NativeConstructorAccessorImpl.newInstance0(Native Method)
at java.base/jdk.internal.reflect.NativeConstructorAccessorImpl.newInstance(NativeConstructorAccessorImpl.java:62)
at java.base/jdk.internal.reflect.DelegatingConstructorAccessorImpl.newInstance(DelegatingConstructorAccessorImpl.java:45)
at java.base/java.lang.reflect.Constructor.newInstance(Constructor.java:490)
at org.openqa.selenium.remote.codec.w3c.W3CHttpResponseCodec.createException(W3CHttpResponseCodec.java:200)
at org.openqa.selenium.remote.codec.w3c.W3CHttpResponseCodec.decode(W3CHttpResponseCodec.java:133)
at org.openqa.selenium.remote.codec.w3c.W3CHttpResponseCodec.decode(W3CHttpResponseCodec.java:53)
at org.openqa.selenium.remote.HttpCommandExecutor.execute(HttpCommandExecutor.java:184)
at org.openqa.selenium.remote.service.DriverCommandExecutor.invokeExecute(DriverCommandExecutor.java:167)
at org.openqa.selenium.remote.service.DriverCommandExecutor.execute(DriverCommandExecutor.java:142)
at org.openqa.selenium.remote.RemoteWebDriver.execute(RemoteWebDriver.java:558)
at org.openqa.selenium.remote.RemoteWebElement.execute(RemoteWebElement.java:251)
at org.openqa.selenium.remote.RemoteWebElement.click(RemoteWebElement.java:77)
at java.base/jdk.internal.reflect.NativeMethodAccessorImpl.invoke0(Native Method)
at java.base/jdk.internal.reflect.NativeMethodAccessorImpl.invoke(NativeMethodAccessorImpl.java:62)
at java.base/jdk.internal.reflect.DelegatingMethodAccessorImpl.invoke(DelegatingMethodAccessorImpl.java:43)
at java.base/java.lang.reflect.Method.invoke(Method.java:566)
at org.openqa.selenium.support.pagefactory.internal.LocatingElementHandler.invoke(LocatingElementHandler.java:52)
at com.sun.proxy.$Proxy17.click(Unknown Source)
at Amazon.Product.addToCartClick(Product.java:21)
at PIIT.Training.AmazonTestNGFramework.AmazonToPurchase.homepageSearch(AmazonToPurchase.java:40)
at java.base/jdk.internal.reflect.NativeMethodAccessorImpl.invoke0(Native Method)
at java.base/jdk.internal.reflect.NativeMethodAccessorImpl.invoke(NativeMethodAccessorImpl.java:62)
at java.base/jdk.internal.reflect.DelegatingMethodAccessorImpl.invoke(DelegatingMethodAccessorImpl.java:43)
at java.base/java.lang.reflect.Method.invoke(Method.java:566)
at org.testng.internal.invokers.MethodInvocationHelper.invokeMethod(MethodInvocationHelper.java:139)
at org.testng.internal.invokers.TestInvoker.invokeMethod(TestInvoker.java:677)
at org.testng.internal.invokers.TestInvoker.invokeTestMethod(TestInvoker.java:221)
at org.testng.internal.invokers.MethodRunner.runInSequence(MethodRunner.java:50)
at org.testng.internal.invokers.TestInvoker$MethodInvocationAgent.invoke(TestInvoker.java:962)
at org.testng.internal.invokers.TestInvoker.invokeTestMethods(TestInvoker.java:194)
at org.testng.internal.invokers.TestMethodWorker.invokeTestMethods(TestMethodWorker.java:148)
at org.testng.internal.invokers.TestMethodWorker.run(TestMethodWorker.java:128)
at java.base/java.util.ArrayList.forEach(ArrayList.java:1541)
at org.testng.TestRunner.privateRun(TestRunner.java:806)
at org.testng.TestRunner.run(TestRunner.java:601)
at org.testng.SuiteRunner.runTest(SuiteRunner.java:433)
at org.testng.SuiteRunner$SuiteWorker.run(SuiteRunner.java:471)
at org.testng.internal.thread.ThreadUtil.lambda$execute$0(ThreadUtil.java:58)
at java.base/java.util.concurrent.FutureTask.run(FutureTask.java:264)
at java.base/java.util.concurrent.ThreadPoolExecutor.runWorker(ThreadPoolExecutor.java:1128)
at java.base/java.util.concurrent.ThreadPoolExecutor$Worker.run(ThreadPoolExecutor.java:628)
at java.base/java.lang.Thread.run(Thread.java:834)
]]>
            </full-stacktrace>
          </exception> <!-- org.openqa.selenium.ElementClickInterceptedException -->
          <reporter-output>
          </reporter-output>
        </test-method> <!-- homepageSearch -->
        <test-method is-config="true" signature="afterClass()[pri:0, instance:PIIT.Training.AmazonTestNGFramework.AmazonToPurchase@74e28667]" started-at="2022-10-19T17:36:12 EDT" name="afterClass" finished-at="2022-10-19T17:36:12 EDT" duration-ms="1" status="PASS">
          <reporter-output>
          </reporter-output>
        </test-method> <!-- afterClass -->
      </class> <!-- PIIT.Training.AmazonTestNGFramework.AmazonToPurchase -->
    </test> <!-- AmazonPractice -->
  </suite> <!-- Regression -->
</testng-results>
