<?xml version="1.0" encoding="UTF-8"?>
<!-- Generated by org.testng.reporters.JUnitXMLReporter -->
<testsuite ignored="0" hostname="Tans-MacBook-Pro.local" failures="0" tests="3" name="Facebook Login Test" time="54.883" errors="0" timestamp="2022-10-13T16:14:25 EDT">
  <testcase classname="testng.FB_Login_DataProvider" name="LoginTest" time="16.417"/>
  <testcase classname="testng.FB_Login_DataProvider" name="LoginTest" time="16.03"/>
  <testcase classname="testng.FB_Login_DataProvider" name="LoginTest" time="16.383"/>
</testsuite> <!-- Facebook Login Test -->
