<?xml version="1.0" encoding="UTF-8"?>
<!-- Generated by org.testng.reporters.JUnitXMLReporter -->
<testsuite ignored="0" hostname="Tans-MacBook-Pro.local" failures="0" tests="3" name="Facebook Login Test" time="51.942" errors="0" timestamp="2022-10-12T21:32:07 EDT">
  <testcase classname="testng.FB_Login_DataProvider" name="LoginTest" time="15.782"/>
  <testcase classname="testng.FB_Login_DataProvider" name="LoginTest" time="15.66"/>
  <testcase classname="testng.FB_Login_DataProvider" name="LoginTest" time="16.071"/>
</testsuite> <!-- Facebook Login Test -->
